Max events: 25000
Output file: out/results-zmu_316995_25000-events.root
Input files: 
	data/EMTF_ZMu_NTuple_316995_simLCT_test.root
Lumi Info files: 
	lumi_info/LumiInfo_306135.csv
	lumi_info/LumiInfo_306154.csv
	lumi_info/LumiInfo_306092.csv
	lumi_info/LumiInfo_316995.csv
	lumi_info/LumiInfo_306091.csv
	lumi_info/LumiInfo_317661.csv

Max events: 25000
Output file: out/results-zmu_306091_25000-events.root
Input files: 
	data/EMTF_ZMu_NTuple_306091_simLCT_test.root
Lumi Info files: 
	lumi_info/LumiInfo_306135.csv
	lumi_info/LumiInfo_306154.csv
	lumi_info/LumiInfo_306092.csv
	lumi_info/LumiInfo_316995.csv
	lumi_info/LumiInfo_306091.csv
	lumi_info/LumiInfo_317661.csv

Max events: 25000
Output file: out/results-zmu_317661_25000-events.root
Input files: 
	data/EMTF_ZMu_NTuple_317661_simLCT_test.root
Lumi Info files: 
	lumi_info/LumiInfo_306135.csv
	lumi_info/LumiInfo_306154.csv
	lumi_info/LumiInfo_306092.csv
	lumi_info/LumiInfo_316995.csv
	lumi_info/LumiInfo_306091.csv
	lumi_info/LumiInfo_317661.csv

Processed 0 events
Processed 0 events
Processed 0 events
Processed 1000 events
Processed 1000 events
Processed 1000 events
Processed 2000 events
Processed 2000 events
Processed 2000 events
Processed 3000 events
Processed 3000 events
Processed 3000 events
Processed 4000 events
Processed 4000 events
Processed 4000 events
Processed 5000 events
Processed 5000 events
